<?xml version="1.0" encoding="UTF-8"?>
<!-- Generated by org.testng.reporters.JUnitXMLReporter -->
<testsuite ignored="0" hostname="DESKTOP-PFSHEHE" failures="0" tests="1" name="Actions Test" time="0.123" errors="0" timestamp="06 Aug 2019 00:20:49 GMT">
  <testcase classname="Practice.WorkingWithAction" name="@BeforeMethod setup" time="0.02">
    <failure type="java.lang.NullPointerException">
      <![CDATA[java.lang.NullPointerException
at java.base/java.util.concurrent.ConcurrentHashMap.putVal(ConcurrentHashMap.java:1011)
at java.base/java.util.concurrent.ConcurrentHashMap.put(ConcurrentHashMap.java:1006)
at java.base/java.util.Properties.put(Properties.java:1316)
at java.base/java.util.Properties.setProperty(Properties.java:225)
at java.base/java.lang.System.setProperty(System.java:927)
at Practice.WorkingWithAction.setup(WorkingWithAction.java:36)
... Removed 28 stack frames]]>
    </failure>
  </testcase> <!-- @BeforeMethod setup -->
  <testcase classname="Practice.WorkingWithAction" name="@AfterMethod close" time="0.0">
    <skipped/>
  </testcase> <!-- @AfterMethod close -->
  <testcase classname="Practice.WorkingWithAction" name="test" time="0.0">
    <skipped/>
  </testcase> <!-- test -->
</testsuite> <!-- Actions Test -->
