<?xml version="1.0" encoding="UTF-8"?>
<!-- Generated by org.testng.reporters.JUnitXMLReporter -->
<testsuite ignored="0" hostname="DESKTOP-PFSHEHE" failures="0" tests="3" name="My Extent Report " time="40.493" errors="0" timestamp="23 Aug 2019 19:31:45 GMT">
  <testcase classname="Practice.ExtentReportVesion4" name="noCommerceTitleTest" time="0.089"/>
  <testcase classname="Practice.ExtentReportVesion4" name="noCommerceLogoTest" time="0.218"/>
  <testcase classname="Practice.ExtentReportVesion4" name="noCommerceLoginTest" time="0.011"/>
</testsuite> <!-- My Extent Report  -->
