<?xml version="1.0" encoding="UTF-8"?>
<!-- Generated by org.testng.reporters.JUnitXMLReporter -->
<testsuite ignored="1" hostname="Desktop" failures="0" tests="2" name="Test 2" time="0.026" errors="0" timestamp="27 Feb 2021 20:19:41 GMT">
  <testcase classname="learningTestNG.testsuite2" name="test3" time="0.003"/>
  <testcase classname="learningTestNG.testsuite2" name="test1" time="0.003"/>
  <testcase classname="learningTestNG.testsuite2" name="test2" time="0.0">
    <ignored/>
  </testcase> <!-- test2 -->
</testsuite> <!-- Test 2 -->
