<?xml version="1.0" encoding="UTF-8"?>
<!-- Generated by org.testng.reporters.JUnitXMLReporter -->
<testsuite ignored="0" hostname="Desktop" failures="0" tests="7" name="Test3" time="0.063" errors="0" timestamp="11 Mar 2021 15:35:42 GMT">
  <testcase classname="learningTestNG.testsuite3" name="test5" time="0.003"/>
  <testcase classname="learningTestNG.testsuite3" name="test6" time="0.004"/>
  <testcase classname="learningTestNG.testsuite3" name="test7" time="0.003"/>
  <testcase classname="learningTestNG.testsuite3" name="test8" time="0.003"/>
  <testcase classname="learningTestNG.testsuite3" name="test2" time="0.005"/>
  <testcase classname="learningTestNG.testsuite3" name="test3" time="0.003"/>
  <testcase classname="learningTestNG.testsuite3" name="test1" time="0.003"/>
</testsuite> <!-- Test3 -->
