<?xml version="1.0" encoding="UTF-8"?>
<!-- Generated by org.testng.reporters.JUnitXMLReporter -->
<testsuite ignored="0" hostname="Desktop" failures="0" tests="6" name="Test4" time="0.06" errors="0" timestamp="27 Feb 2021 20:19:41 GMT">
  <testcase classname="learningTestNG.testsuite4" name="test1" time="0.002"/>
  <testcase classname="learningTestNG.testsuite4" name="test2" time="0.003"/>
  <testcase classname="learningTestNG.testsuite4" name="test3" time="0.004"/>
  <testcase classname="learningTestNG.testsuite4" name="test4" time="0.002"/>
  <testcase classname="learningTestNG.testsuite4" name="test5" time="0.007"/>
  <testcase classname="learningTestNG.testsuite4" name="test6" time="0.004"/>
</testsuite> <!-- Test4 -->
