<?xml version="1.0" encoding="UTF-8"?>
<!-- Generated by org.testng.reporters.JUnitXMLReporter -->
<testsuite ignored="6" hostname="Desktop" failures="1" tests="4" name="Test" time="0.121" errors="0" timestamp="21 Feb 2021 05:08:26 GMT">
  <testcase classname="learningTestNG.LearningTestNG" name="test4" time="0.009"/>
  <testcase classname="learningTestNG.LearningTestNG" name="test6" time="0.01">
    <failure type="java.lang.AssertionError" message="expected [false] but found [true]">
      <![CDATA[java.lang.AssertionError: expected [false] but found [true]
at learningTestNG.LearningTestNG.test6(LearningTestNG.java:55)
... Removed 31 stack frames]]>
    </failure>
  </testcase> <!-- test6 -->
  <testcase classname="learningTestNG.LearningTestNG" name="test1" time="0.005"/>
  <testcase classname="learningTestNG.LearningTestNG" name="test3" time="0.002"/>
  <testcase classname="learningTestNG.LearningTestNG" name="test2" time="0.0">
    <ignored/>
  </testcase> <!-- test2 -->
  <testcase classname="learningTestNG.beforeAfter" name="@AfterSuite afterSuite" time="0.0">
    <ignored/>
  </testcase> <!-- @AfterSuite afterSuite -->
  <testcase classname="learningTestNG.beforeAfter" name="@BeforeTest beforeTest" time="0.0">
    <ignored/>
  </testcase> <!-- @BeforeTest beforeTest -->
  <testcase classname="learningTestNG.LearningTestNG" name="test5" time="0.0">
    <ignored/>
  </testcase> <!-- test5 -->
  <testcase classname="learningTestNG.beforeAfter" name="@AfterTest afterTest" time="0.0">
    <ignored/>
  </testcase> <!-- @AfterTest afterTest -->
  <testcase classname="learningTestNG.beforeAfter" name="@BeforeSuite beforeSuite" time="0.0">
    <ignored/>
  </testcase> <!-- @BeforeSuite beforeSuite -->
</testsuite> <!-- Test -->
