<?xml version="1.0" encoding="UTF-8"?>
<!-- Generated by org.testng.reporters.JUnitXMLReporter -->
<testsuite ignored="0" hostname="Desktop" failures="0" tests="7" name="web" time="0.07" errors="0" timestamp="27 Feb 2021 20:19:41 GMT">
  <testcase classname="learningTestNG.web" name="clickOnLink" time="0.002"/>
  <testcase classname="learningTestNG.web" name="maximizeWindow" time="0.011"/>
  <testcase classname="learningTestNG.web" name="open" time="0.001"/>
  <testcase classname="learningTestNG.web" name="navigate" time="0.002"/>
  <testcase classname="learningTestNG.web" name="clearBrowser" time="0.003"/>
  <testcase classname="learningTestNG.web" name="closeBrowser" time="0.001"/>
  <testcase classname="learningTestNG.web" name="getURL" time="0.006"/>
</testsuite> <!-- web -->
