<?xml version="1.0" encoding="UTF-8"?>
<!-- Generated by org.testng.reporters.JUnitXMLReporter -->
<testsuite ignored="6" hostname="DESKTOP-1H8FRIM" failures="0" tests="1" name="web" time="0.006" errors="0" timestamp="25 Mar 2022 21:02:02 GMT">
  <testcase classname="learningTestNG.web" name="clickOnLink" time="0.002"/>
  <testcase classname="learningTestNG.web" name="getURL" time="0.0">
    <ignored/>
  </testcase> <!-- getURL -->
  <testcase classname="learningTestNG.web" name="navigate" time="0.0">
    <ignored/>
  </testcase> <!-- navigate -->
  <testcase classname="learningTestNG.web" name="closeBrowser" time="0.0">
    <ignored/>
  </testcase> <!-- closeBrowser -->
  <testcase classname="learningTestNG.web" name="open" time="0.0">
    <ignored/>
  </testcase> <!-- open -->
  <testcase classname="learningTestNG.web" name="maximizeWindow" time="0.0">
    <ignored/>
  </testcase> <!-- maximizeWindow -->
  <testcase classname="learningTestNG.web" name="clearBrowser" time="0.0">
    <ignored/>
  </testcase> <!-- clearBrowser -->
</testsuite> <!-- web -->
