<?xml version="1.0" encoding="UTF-8"?>
<testng-results ignored="0" total="3" passed="3" failed="0" skipped="0">
  <reporter-output>
  </reporter-output>
  <suite started-at="2019-08-24T04:34:00Z" name="Default suite" finished-at="2019-08-24T04:35:13Z" duration-ms="73101">
    <groups>
    </groups>
    <test started-at="2019-08-24T04:34:00Z" name="Default test" finished-at="2019-08-24T04:35:13Z" duration-ms="73101">
      <class name="Practice.ExtentReportVesion4">
        <test-method is-config="true" signature="setExtent()[pri:0, instance:Practice.ExtentReportVesion4@527e5409]" started-at="2019-08-24T04:34:00Z" name="setExtent" finished-at="2019-08-24T04:34:00Z" duration-ms="453" status="PASS">
          <reporter-output>
          </reporter-output>
        </test-method> <!-- setExtent -->
        <test-method is-config="true" signature="setup(java.lang.String)[pri:0, instance:Practice.ExtentReportVesion4@527e5409]" started-at="2019-08-24T04:34:00Z" name="setup" finished-at="2019-08-24T04:34:25Z" duration-ms="24705" status="PASS">
          <params>
            <param index="0">
              <value>
                <![CDATA[http://www.yahoo.com]]>
              </value>
            </param>
          </params>
          <reporter-output>
          </reporter-output>
        </test-method> <!-- setup -->
        <test-method signature="noCommerceTitleTest()[pri:1, instance:Practice.ExtentReportVesion4@527e5409]" started-at="2019-08-24T04:34:25Z" name="noCommerceTitleTest" finished-at="2019-08-24T04:34:25Z" duration-ms="114" status="PASS">
          <reporter-output>
          </reporter-output>
        </test-method> <!-- noCommerceTitleTest -->
        <test-method is-config="true" signature="teardown(org.testng.ITestResult)[pri:0, instance:Practice.ExtentReportVesion4@527e5409]" started-at="2019-08-24T04:34:25Z" name="teardown" finished-at="2019-08-24T04:34:26Z" duration-ms="1069" status="PASS">
          <params>
            <param index="0">
              <value>
                <![CDATA[[TestResult name=noCommerceTitleTest status=SUCCESS method=ExtentReportVesion4.noCommerceTitleTest()[pri:1, instance:Practice.ExtentReportVesion4@527e5409] output={null}]]]>
              </value>
            </param>
          </params>
          <reporter-output>
          </reporter-output>
        </test-method> <!-- teardown -->
        <test-method is-config="true" signature="setup(java.lang.String)[pri:0, instance:Practice.ExtentReportVesion4@527e5409]" started-at="2019-08-24T04:34:26Z" name="setup" finished-at="2019-08-24T04:34:43Z" duration-ms="17083" status="PASS">
          <params>
            <param index="0">
              <value>
                <![CDATA[http://www.yahoo.com]]>
              </value>
            </param>
          </params>
          <reporter-output>
          </reporter-output>
        </test-method> <!-- setup -->
        <test-method signature="noCommerceLogoTest()[pri:2, instance:Practice.ExtentReportVesion4@527e5409]" started-at="2019-08-24T04:34:43Z" name="noCommerceLogoTest" finished-at="2019-08-24T04:34:44Z" duration-ms="332" status="PASS">
          <reporter-output>
          </reporter-output>
        </test-method> <!-- noCommerceLogoTest -->
        <test-method is-config="true" signature="teardown(org.testng.ITestResult)[pri:0, instance:Practice.ExtentReportVesion4@527e5409]" started-at="2019-08-24T04:34:44Z" name="teardown" finished-at="2019-08-24T04:34:45Z" duration-ms="1080" status="PASS">
          <params>
            <param index="0">
              <value>
                <![CDATA[[TestResult name=noCommerceLogoTest status=SUCCESS method=ExtentReportVesion4.noCommerceLogoTest()[pri:2, instance:Practice.ExtentReportVesion4@527e5409] output={null}]]]>
              </value>
            </param>
          </params>
          <reporter-output>
          </reporter-output>
        </test-method> <!-- teardown -->
        <test-method is-config="true" signature="setup(java.lang.String)[pri:0, instance:Practice.ExtentReportVesion4@527e5409]" started-at="2019-08-24T04:34:45Z" name="setup" finished-at="2019-08-24T04:35:11Z" duration-ms="25726" status="PASS">
          <params>
            <param index="0">
              <value>
                <![CDATA[http://www.yahoo.com]]>
              </value>
            </param>
          </params>
          <reporter-output>
          </reporter-output>
        </test-method> <!-- setup -->
        <test-method signature="noCommerceLoginTest()[pri:3, instance:Practice.ExtentReportVesion4@527e5409]" started-at="2019-08-24T04:35:11Z" name="noCommerceLoginTest" finished-at="2019-08-24T04:35:11Z" duration-ms="65" status="PASS">
          <reporter-output>
          </reporter-output>
        </test-method> <!-- noCommerceLoginTest -->
        <test-method is-config="true" signature="teardown(org.testng.ITestResult)[pri:0, instance:Practice.ExtentReportVesion4@527e5409]" started-at="2019-08-24T04:35:11Z" name="teardown" finished-at="2019-08-24T04:35:11Z" duration-ms="804" status="PASS">
          <params>
            <param index="0">
              <value>
                <![CDATA[[TestResult name=noCommerceLoginTest status=SUCCESS method=ExtentReportVesion4.noCommerceLoginTest()[pri:3, instance:Practice.ExtentReportVesion4@527e5409] output={null}]]]>
              </value>
            </param>
          </params>
          <reporter-output>
          </reporter-output>
        </test-method> <!-- teardown -->
        <test-method is-config="true" signature="endReport()[pri:0, instance:Practice.ExtentReportVesion4@527e5409]" started-at="2019-08-24T04:35:11Z" name="endReport" finished-at="2019-08-24T04:35:13Z" duration-ms="1598" status="PASS">
          <reporter-output>
          </reporter-output>
        </test-method> <!-- endReport -->
      </class> <!-- Practice.ExtentReportVesion4 -->
    </test> <!-- Default test -->
  </suite> <!-- Default suite -->
</testng-results>
