<?xml version="1.0" encoding="UTF-8"?>
<!-- Generated by org.testng.reporters.JUnitXMLReporter -->
<testsuite ignored="0" hostname="mohammeds-MacBook-Pro.local" failures="1" tests="2" name="Tool Tip Test" time="4.588" errors="0" timestamp="18 Aug 2019 20:09:33 GMT">
  <testcase classname="Practice.WorkingWithExtendtReport" name="test" time="0.656"/>
  <testcase classname="Practice.WorkingWithExtendtReport" name="test1" time="0.001">
    <failure type="java.lang.NullPointerException">
      <![CDATA[java.lang.NullPointerException
at Practice.WorkingWithExtendtReport.test1(WorkingWithExtendtReport.java:64)
... Removed 25 stack frames]]>
    </failure>
  </testcase> <!-- test1 -->
</testsuite> <!-- Tool Tip Test -->
