<?xml version="1.0" encoding="UTF-8"?>
<!-- Generated by org.testng.reporters.JUnitXMLReporter -->
<testsuite ignored="0" hostname="DESKTOP-PFSHEHE" failures="1" tests="2" name="Extent Report" time="1.718" errors="0" timestamp="29 Aug 2019 09:15:10 GMT">
  <testcase classname="Practice.PracticeExtentReporting" name="methodOne" time="0.041"/>
  <testcase classname="Practice.PracticeExtentReporting" name="methodTwo" time="0.005">
    <failure type="java.lang.AssertionError" message="expected [true] but found [false]">
      <![CDATA[java.lang.AssertionError: expected [true] but found [false]
at Practice.PracticeExtentReporting.methodTwo(PracticeExtentReporting.java:75)
... Removed 29 stack frames]]>
    </failure>
  </testcase> <!-- methodTwo -->
</testsuite> <!-- Extent Report -->
