<?xml version="1.0" encoding="UTF-8"?>
<!-- Generated by org.testng.reporters.JUnitXMLReporter -->
<testsuite ignored="4" hostname="Desktop" failures="0" tests="9" name="Default test" time="0.163" errors="0" timestamp="21 Feb 2021 04:52:26 GMT">
  <testcase classname="learningTestNG.LearningTestNG" name="test4" time="0.011"/>
  <testcase classname="learningTestNG.LearningTestNG" name="test2" time="0.004"/>
  <testcase classname="learningTestNG.LearningTestNG" name="test6" time="0.004"/>
  <testcase classname="learningTestNG.testsuite2" name="test3" time="0.002"/>
  <testcase classname="learningTestNG.LearningTestNG" name="test1" time="0.003"/>
  <testcase classname="learningTestNG.testsuite2" name="test2" time="0.005"/>
  <testcase classname="learningTestNG.LearningTestNG" name="test3" time="0.002"/>
  <testcase classname="learningTestNG.testsuite2" name="test1" time="0.003"/>
  <testcase classname="learningTestNG.LearningTestNG" name="test5" time="0.003"/>
  <testcase classname="learningTestNG.beforeAfter" name="@AfterSuite afterSuite" time="0.0">
    <ignored/>
  </testcase> <!-- @AfterSuite afterSuite -->
  <testcase classname="learningTestNG.beforeAfter" name="@BeforeTest beforeTest" time="0.0">
    <ignored/>
  </testcase> <!-- @BeforeTest beforeTest -->
  <testcase classname="learningTestNG.beforeAfter" name="@AfterTest afterTest" time="0.0">
    <ignored/>
  </testcase> <!-- @AfterTest afterTest -->
  <testcase classname="learningTestNG.beforeAfter" name="@BeforeSuite beforeSuite" time="0.0">
    <ignored/>
  </testcase> <!-- @BeforeSuite beforeSuite -->
</testsuite> <!-- Default test -->
