<?xml version="1.0" encoding="UTF-8"?>
<!-- Generated by org.testng.reporters.JUnitXMLReporter -->
<testsuite ignored="4" hostname="Desktop" failures="0" tests="32" name="Default test" time="0.872" errors="0" timestamp="12 Mar 2021 00:08:37 GMT">
  <testcase classname="learningTestNG.LearningTestNG" name="test4" time="0.017"/>
  <testcase classname="learningTestNG.DPTestSuite" name="test1" time="0.003"/>
  <testcase classname="learningTestNG.LearningTestNG" name="test2" time="0.008"/>
  <testcase classname="learningTestNG.LearningTestNG" name="test6" time="0.03"/>
  <testcase classname="learningTestNG.web" name="clearBrowser" time="0.004"/>
  <testcase classname="learningTestNG.web" name="clickOnLink" time="0.004"/>
  <testcase classname="learningTestNG.web" name="closeBrowser" time="0.006"/>
  <testcase classname="learningTestNG.web" name="maximizeWindow" time="0.004"/>
  <testcase classname="learningTestNG.web" name="navigate" time="0.009"/>
  <testcase classname="learningTestNG.web" name="open" time="0.01"/>
  <testcase classname="learningTestNG.testsuite4" name="test1" time="0.024"/>
  <testcase classname="learningTestNG.testsuite4" name="test2" time="0.02"/>
  <testcase classname="learningTestNG.testsuite4" name="test3" time="0.018"/>
  <testcase classname="learningTestNG.testsuite4" name="test4" time="0.011"/>
  <testcase classname="learningTestNG.testsuite4" name="test5" time="0.01"/>
  <testcase classname="learningTestNG.testsuite4" name="test6" time="0.009"/>
  <testcase classname="learningTestNG.testsuite3" name="test5" time="0.023"/>
  <testcase classname="learningTestNG.testsuite3" name="test6" time="0.004"/>
  <testcase classname="learningTestNG.testsuite3" name="test7" time="0.007"/>
  <testcase classname="learningTestNG.testsuite3" name="test8" time="0.008"/>
  <testcase classname="learningTestNG.testsuite3" name="test2" time="0.009"/>
  <testcase classname="learningTestNG.testsuite2" name="test3" time="0.007"/>
  <testcase classname="learningTestNG.DP" name="myTest" time="0.009"/>
  <testcase classname="learningTestNG.DP" name="myTest" time="0.002"/>
  <testcase classname="learningTestNG.testsuite3" name="test3" time="0.025"/>
  <testcase classname="learningTestNG.testsuite3" name="test1" time="0.009"/>
  <testcase classname="learningTestNG.LearningTestNG" name="test1" time="0.003"/>
  <testcase classname="learningTestNG.web" name="getURL" time="0.005"/>
  <testcase classname="learningTestNG.testsuite2" name="test2" time="0.003"/>
  <testcase classname="learningTestNG.LearningTestNG" name="test3" time="0.002"/>
  <testcase classname="learningTestNG.testsuite2" name="test1" time="0.05"/>
  <testcase classname="learningTestNG.LearningTestNG" name="test5" time="0.003"/>
  <testcase classname="learningTestNG.beforeAfter" name="@AfterSuite afterSuite" time="0.0">
    <ignored/>
  </testcase> <!-- @AfterSuite afterSuite -->
  <testcase classname="learningTestNG.beforeAfter" name="@BeforeTest beforeTest" time="0.0">
    <ignored/>
  </testcase> <!-- @BeforeTest beforeTest -->
  <testcase classname="learningTestNG.beforeAfter" name="@AfterTest afterTest" time="0.0">
    <ignored/>
  </testcase> <!-- @AfterTest afterTest -->
  <testcase classname="learningTestNG.beforeAfter" name="@BeforeSuite beforeSuite" time="0.0">
    <ignored/>
  </testcase> <!-- @BeforeSuite beforeSuite -->
</testsuite> <!-- Default test -->
