<?xml version="1.0" encoding="UTF-8"?>
<!-- Generated by org.testng.reporters.JUnitXMLReporter -->
<testsuite ignored="0" hostname="DESKTOP-PFSHEHE" failures="0" tests="3" name="Default test" time="8.839" errors="0" timestamp="05 Sep 2019 07:50:34 GMT">
  <testcase classname="apiTest.TweetsTest" name="testUserCanTweet" time="7.6"/>
  <testcase classname="apiTest.TweetsTest" name="test" time="0.527"/>
  <testcase classname="apiTest.TweetsTest" name="userCanDeleteTweet" time="0.573"/>
</testsuite> <!-- Default test -->
