<?xml version="1.0" encoding="UTF-8"?>
<!-- Generated by org.testng.reporters.JUnitXMLReporter -->
<testsuite ignored="0" hostname="DESKTOP-PFSHEHE" failures="0" tests="6" name="Default test" time="66.09" errors="0" timestamp="08 Aug 2019 02:26:24 GMT">
  <testcase classname="Practice.WorkingWithAction" name="testRightClick" time="11.085"/>
  <testcase classname="Practice.WorkingWithAction" name="testDoubleClick" time="0.667"/>
  <testcase classname="Practice.WorkingWithAction" name="dragDrop" time="4.5"/>
  <testcase classname="Practice.WorkingWithAction" name="dragNDrop" time="5.25"/>
  <testcase classname="Practice.WorkingWithAction" name="mouseHover" time="2.46"/>
  <testcase classname="Practice.WorkingWithAction" name="MouseHoverSlideBar" time="8.124"/>
</testsuite> <!-- Default test -->
